<?xml version="1.0" encoding="UTF-8"?>
<testng-results skipped="0" failed="0" ignored="0" total="1" passed="1">
  <reporter-output>
  </reporter-output>
  <suite name="Default suite" duration-ms="16178" started-at="2020-04-10T00:34:41Z" finished-at="2020-04-10T00:34:57Z">
    <groups>
    </groups>
    <test name="Default test" duration-ms="16178" started-at="2020-04-10T00:34:41Z" finished-at="2020-04-10T00:34:57Z">
      <class name="test.TestOpensource">
        <test-method status="PASS" signature="validUserAbleToLogin()[pri:0, instance:test.TestOpensource@6e4784bc]" name="validUserAbleToLogin" duration-ms="16149" started-at="2020-04-09T19:34:41Z" finished-at="2020-04-09T19:34:57Z">
          <reporter-output>
          </reporter-output>
        </test-method> <!-- validUserAbleToLogin -->
      </class> <!-- test.TestOpensource -->
    </test> <!-- Default test -->
  </suite> <!-- Default suite -->
</testng-results>
